<?xml version="1.0" encoding="UTF-8"?>
<!-- Generated by org.testng.reporters.JUnitXMLReporter -->
<testsuite ignored="5" hostname="DESKTOP-3HSV3OJ" failures="1" tests="1" name="Leo1APP_Project" time="71.976" errors="0" timestamp="2024-10-08T15:39:03 IST">
  <testcase classname="com.AppCases.TestCases_Run" name="pinScreen" time="61.273">
    <failure type="java.lang.AssertionError" message="PIN screen test failed: Expected condition failed: waiting for visibility of element located by By.xpath: //android.widget.ScrollView/android.view.ViewGroup/android.view.ViewGroup[2]/android.view.ViewGroup[1]/android.widget.TextView (tried for 60 second(s) with 500 milliseconds interval)
Build info: version: &amp;apos;4.25.0&amp;apos;, revision: &amp;apos;8a8aea2337&amp;apos;
System info: os.name: &amp;apos;Windows 11&amp;apos;, os.arch: &amp;apos;amd64&amp;apos;, os.version: &amp;apos;10.0&amp;apos;, java.version: &amp;apos;22.0.2&amp;apos;
Driver info: io.appium.java_client.android.AndroidDriver
Capabilities {appium:app: C:\Users\Leo1\Downloads\Leo..., appium:appPackage: com.leo1_card, appium:automationName: UiAutomator2, appium:databaseEnabled: false, appium:desired: {app: C:\Users\Leo1\Downloads\Leo..., automationName: UiAutomator2, deviceName: e25e9c030922, platformName: ANDROID}, appium:deviceApiLevel: 34, appium:deviceManufacturer: Xiaomi, appium:deviceModel: 22111317I, appium:deviceName: e25e9c030922, appium:deviceScreenDensity: 440, appium:deviceScreenSize: 1080x2400, appium:deviceUDID: e25e9c030922, appium:javascriptEnabled: true, appium:locationContextEnabled: false, appium:networkConnectionEnabled: true, appium:pixelRatio: 2.75, appium:platformVersion: 14, appium:statBarHeight: 94, appium:takesScreenshot: true, appium:viewportRect: {height: 2306, left: 0, top: 94, width: 1080}, appium:warnings: {}, appium:webStorageEnabled: false, platformName: ANDROID}
Session ID: 03e4284d-3e32-4646-bf68-08e7235cfb34">
      <![CDATA[java.lang.AssertionError: PIN screen test failed: Expected condition failed: waiting for visibility of element located by By.xpath: //android.widget.ScrollView/android.view.ViewGroup/android.view.ViewGroup[2]/android.view.ViewGroup[1]/android.widget.TextView (tried for 60 second(s) with 500 milliseconds interval)
Build info: version: '4.25.0', revision: '8a8aea2337'
System info: os.name: 'Windows 11', os.arch: 'amd64', os.version: '10.0', java.version: '22.0.2'
Driver info: io.appium.java_client.android.AndroidDriver
Capabilities {appium:app: C:\Users\Leo1\Downloads\Leo..., appium:appPackage: com.leo1_card, appium:automationName: UiAutomator2, appium:databaseEnabled: false, appium:desired: {app: C:\Users\Leo1\Downloads\Leo..., automationName: UiAutomator2, deviceName: e25e9c030922, platformName: ANDROID}, appium:deviceApiLevel: 34, appium:deviceManufacturer: Xiaomi, appium:deviceModel: 22111317I, appium:deviceName: e25e9c030922, appium:deviceScreenDensity: 440, appium:deviceScreenSize: 1080x2400, appium:deviceUDID: e25e9c030922, appium:javascriptEnabled: true, appium:locationContextEnabled: false, appium:networkConnectionEnabled: true, appium:pixelRatio: 2.75, appium:platformVersion: 14, appium:statBarHeight: 94, appium:takesScreenshot: true, appium:viewportRect: {height: 2306, left: 0, top: 94, width: 1080}, appium:warnings: {}, appium:webStorageEnabled: false, platformName: ANDROID}
Session ID: 03e4284d-3e32-4646-bf68-08e7235cfb34
at com.AppCases.TestCases_Run.pinScreen(TestCases_Run.java:66)
at java.base/java.util.ArrayList.forEach(ArrayList.java:1597)
at com.intellij.rt.testng.IDEARemoteTestNG.run(IDEARemoteTestNG.java:65)
at com.intellij.rt.testng.RemoteTestNGStarter.main(RemoteTestNGStarter.java:105)
... Removed 23 stack frames]]>
    </failure>
  </testcase> <!-- pinScreen -->
  <testcase classname="com.AppCases.TestCases_Run" name="homeAppScreen" time="0.0">
    <ignored/>
  </testcase> <!-- homeAppScreen -->
  <testcase classname="com.AppCases.TestCases_Run" name="rewardsFoodCategory" time="0.0">
    <ignored/>
  </testcase> <!-- rewardsFoodCategory -->
  <testcase classname="com.AppCases.TestCases_Run" name="profileDetails" time="0.0">
    <ignored/>
  </testcase> <!-- profileDetails -->
  <testcase classname="com.AppCases.TestCases_Run" name="discountSwipe" time="0.0">
    <ignored/>
  </testcase> <!-- discountSwipe -->
  <testcase classname="com.AppCases.TestCases_Run" name="loginPage" time="0.0">
    <ignored/>
  </testcase> <!-- loginPage -->
</testsuite> <!-- Leo1APP_Project -->
