<?xml version="1.0" encoding="UTF-8"?>
<testng-results ignored="0" total="1" passed="0" failed="1" skipped="0">
  <reporter-output>
  </reporter-output>
  <suite started-at="2024-10-08T15:37:51 IST" name="Default Suite" finished-at="2024-10-08T15:39:03 IST" duration-ms="71976">
    <groups>
    </groups>
    <test started-at="2024-10-08T15:37:51 IST" name="Leo1APP_Project" finished-at="2024-10-08T15:39:03 IST" duration-ms="71976">
      <class name="com.AppCases.TestCases_Run">
        <test-method is-config="true" signature="appOpen()[pri:0, instance:com.AppCases.TestCases_Run@72a7c7e0]" started-at="2024-10-08T15:37:51 IST" name="appOpen" finished-at="2024-10-08T15:38:02 IST" duration-ms="10664" status="PASS">
          <reporter-output>
          </reporter-output>
        </test-method> <!-- appOpen -->
        <test-method signature="pinScreen()[pri:1, instance:com.AppCases.TestCases_Run@72a7c7e0]" started-at="2024-10-08T15:38:02 IST" name="pinScreen" finished-at="2024-10-08T15:39:03 IST" duration-ms="61273" status="FAIL">
          <exception class="java.lang.AssertionError">
            <message>
              <![CDATA[PIN screen test failed: Expected condition failed: waiting for visibility of element located by By.xpath: //android.widget.ScrollView/android.view.ViewGroup/android.view.ViewGroup[2]/android.view.ViewGroup[1]/android.widget.TextView (tried for 60 second(s) with 500 milliseconds interval)
Build info: version: '4.25.0', revision: '8a8aea2337'
System info: os.name: 'Windows 11', os.arch: 'amd64', os.version: '10.0', java.version: '22.0.2'
Driver info: io.appium.java_client.android.AndroidDriver
Capabilities {appium:app: C:\Users\Leo1\Downloads\Leo..., appium:appPackage: com.leo1_card, appium:automationName: UiAutomator2, appium:databaseEnabled: false, appium:desired: {app: C:\Users\Leo1\Downloads\Leo..., automationName: UiAutomator2, deviceName: e25e9c030922, platformName: ANDROID}, appium:deviceApiLevel: 34, appium:deviceManufacturer: Xiaomi, appium:deviceModel: 22111317I, appium:deviceName: e25e9c030922, appium:deviceScreenDensity: 440, appium:deviceScreenSize: 1080x2400, appium:deviceUDID: e25e9c030922, appium:javascriptEnabled: true, appium:locationContextEnabled: false, appium:networkConnectionEnabled: true, appium:pixelRatio: 2.75, appium:platformVersion: 14, appium:statBarHeight: 94, appium:takesScreenshot: true, appium:viewportRect: {height: 2306, left: 0, top: 94, width: 1080}, appium:warnings: {}, appium:webStorageEnabled: false, platformName: ANDROID}
Session ID: 03e4284d-3e32-4646-bf68-08e7235cfb34]]>
            </message>
            <full-stacktrace>
              <![CDATA[java.lang.AssertionError: PIN screen test failed: Expected condition failed: waiting for visibility of element located by By.xpath: //android.widget.ScrollView/android.view.ViewGroup/android.view.ViewGroup[2]/android.view.ViewGroup[1]/android.widget.TextView (tried for 60 second(s) with 500 milliseconds interval)
Build info: version: '4.25.0', revision: '8a8aea2337'
System info: os.name: 'Windows 11', os.arch: 'amd64', os.version: '10.0', java.version: '22.0.2'
Driver info: io.appium.java_client.android.AndroidDriver
Capabilities {appium:app: C:\Users\Leo1\Downloads\Leo..., appium:appPackage: com.leo1_card, appium:automationName: UiAutomator2, appium:databaseEnabled: false, appium:desired: {app: C:\Users\Leo1\Downloads\Leo..., automationName: UiAutomator2, deviceName: e25e9c030922, platformName: ANDROID}, appium:deviceApiLevel: 34, appium:deviceManufacturer: Xiaomi, appium:deviceModel: 22111317I, appium:deviceName: e25e9c030922, appium:deviceScreenDensity: 440, appium:deviceScreenSize: 1080x2400, appium:deviceUDID: e25e9c030922, appium:javascriptEnabled: true, appium:locationContextEnabled: false, appium:networkConnectionEnabled: true, appium:pixelRatio: 2.75, appium:platformVersion: 14, appium:statBarHeight: 94, appium:takesScreenshot: true, appium:viewportRect: {height: 2306, left: 0, top: 94, width: 1080}, appium:warnings: {}, appium:webStorageEnabled: false, platformName: ANDROID}
Session ID: 03e4284d-3e32-4646-bf68-08e7235cfb34
at org.testng.Assert.fail(Assert.java:111)
at com.AppCases.TestCases_Run.pinScreen(TestCases_Run.java:66)
at java.base/jdk.internal.reflect.DirectMethodHandleAccessor.invoke(DirectMethodHandleAccessor.java:103)
at java.base/java.lang.reflect.Method.invoke(Method.java:580)
at org.testng.internal.invokers.MethodInvocationHelper.invokeMethod(MethodInvocationHelper.java:141)
at org.testng.internal.invokers.TestInvoker.invokeMethod(TestInvoker.java:686)
at org.testng.internal.invokers.TestInvoker.invokeTestMethod(TestInvoker.java:230)
at org.testng.internal.invokers.MethodRunner.runInSequence(MethodRunner.java:63)
at org.testng.internal.invokers.TestInvoker$MethodInvocationAgent.invoke(TestInvoker.java:992)
at org.testng.internal.invokers.TestInvoker.invokeTestMethods(TestInvoker.java:203)
at org.testng.internal.invokers.TestMethodWorker.invokeTestMethods(TestMethodWorker.java:154)
at org.testng.internal.invokers.TestMethodWorker.run(TestMethodWorker.java:134)
at java.base/java.util.ArrayList.forEach(ArrayList.java:1597)
at org.testng.TestRunner.privateRun(TestRunner.java:739)
at org.testng.TestRunner.run(TestRunner.java:614)
at org.testng.SuiteRunner.runTest(SuiteRunner.java:421)
at org.testng.SuiteRunner.runSequentially(SuiteRunner.java:413)
at org.testng.SuiteRunner.privateRun(SuiteRunner.java:373)
at org.testng.SuiteRunner.run(SuiteRunner.java:312)
at org.testng.SuiteRunnerWorker.runSuite(SuiteRunnerWorker.java:52)
at org.testng.SuiteRunnerWorker.run(SuiteRunnerWorker.java:95)
at org.testng.TestNG.runSuitesSequentially(TestNG.java:1274)
at org.testng.TestNG.runSuitesLocally(TestNG.java:1208)
at org.testng.TestNG.runSuites(TestNG.java:1112)
at org.testng.TestNG.run(TestNG.java:1079)
at com.intellij.rt.testng.IDEARemoteTestNG.run(IDEARemoteTestNG.java:65)
at com.intellij.rt.testng.RemoteTestNGStarter.main(RemoteTestNGStarter.java:105)
]]>
            </full-stacktrace>
          </exception> <!-- java.lang.AssertionError -->
          <reporter-output>
          </reporter-output>
        </test-method> <!-- pinScreen -->
      </class> <!-- com.AppCases.TestCases_Run -->
    </test> <!-- Leo1APP_Project -->
  </suite> <!-- Default Suite -->
</testng-results>
